<?xml version="1.0" encoding="UTF-8"?>
<testsuites>
  <testsuite name="CodeIgniter Application Test Suite" tests="4" assertions="4" failures="0" errors="0" time="1.076766">
    <testsuite name="User_model_test" file="/var/www/html/crossover/application/tests/models/User_model_test.php" tests="4" assertions="4" failures="0" errors="0" time="1.076766">
      <testcase name="test_checkIfUserExists" class="User_model_test" file="/var/www/html/crossover/application/tests/models/User_model_test.php" line="21" assertions="1" time="0.172538"/>
      <testcase name="test_createNewUser" class="User_model_test" file="/var/www/html/crossover/application/tests/models/User_model_test.php" line="34" assertions="1" time="0.152473"/>
      <testcase name="test_updatePassword" class="User_model_test" file="/var/www/html/crossover/application/tests/models/User_model_test.php" line="44" assertions="1" time="0.219017"/>
      <testcase name="test_sendMail" class="User_model_test" file="/var/www/html/crossover/application/tests/models/User_model_test.php" line="62" assertions="1" time="0.532738"/>
    </testsuite>
  </testsuite>
</testsuites>
