<?xml version="1.0" encoding="UTF-8"?>
<testsuites>
  <testsuite name="CodeIgniter Application Test Suite" tests="8" assertions="8" failures="0" errors="0" time="0.963072">
    <testsuite name="Post_model_test" file="/var/www/html/crossover/application/tests/models/Post_model_test.php" tests="5" assertions="5" failures="0" errors="0" time="0.595366">
      <testcase name="test_getPost" class="Post_model_test" file="/var/www/html/crossover/application/tests/models/Post_model_test.php" line="68" assertions="1" time="0.145698"/>
      <testcase name="test_getLatestPosts" class="Post_model_test" file="/var/www/html/crossover/application/tests/models/Post_model_test.php" line="80" assertions="1" time="0.118000"/>
      <testcase name="test_getPostsForUser" class="Post_model_test" file="/var/www/html/crossover/application/tests/models/Post_model_test.php" line="87" assertions="1" time="0.101595"/>
      <testcase name="test_addPost" class="Post_model_test" file="/var/www/html/crossover/application/tests/models/Post_model_test.php" line="94" assertions="1" time="0.117356"/>
      <testcase name="test_deletePost" class="Post_model_test" file="/var/www/html/crossover/application/tests/models/Post_model_test.php" line="109" assertions="1" time="0.112717"/>
    </testsuite>
    <testsuite name="User_model_test" file="/var/www/html/crossover/application/tests/models/User_model_test.php" tests="3" assertions="3" failures="0" errors="0" time="0.367706">
      <testcase name="test_checkIfUserExists" class="User_model_test" file="/var/www/html/crossover/application/tests/models/User_model_test.php" line="22" assertions="1" time="0.099416"/>
      <testcase name="test_updatePassword" class="User_model_test" file="/var/www/html/crossover/application/tests/models/User_model_test.php" line="45" assertions="1" time="0.092656"/>
      <testcase name="test_sendMail" class="User_model_test" file="/var/www/html/crossover/application/tests/models/User_model_test.php" line="64" assertions="1" time="0.175634"/>
    </testsuite>
  </testsuite>
</testsuites>
